  main.cpp
E:\My universe\university\ZJULearning\code\gnns\gpu\1.0\include\read_write.h(41): warning C4311: “<function-style-cast>”: 从“int *”到“unsigned int”的指针截断
  main.cpp(18): note: 参见对正在编译的函数 模板 实例化“std::vector<std::vector<float,std::allocator<_Ty>>,std::allocator<std::vector<_Ty,std::allocator<_Ty>>>> &GNNS::read_file<float>(const char *)”的引用
          with
          [
              _Ty=float
          ]
E:\My universe\university\ZJULearning\code\gnns\gpu\1.0\include\read_write.h(41): warning C4302: “<function-style-cast>”: 从“int *”到“unsigned int”截断
E:\My universe\university\ZJULearning\code\gnns\gpu\1.0\include\read_write.h(46): warning C4311: “<function-style-cast>”: 从“float *”到“unsigned int”的指针截断
E:\My universe\university\ZJULearning\code\gnns\gpu\1.0\include\read_write.h(46): warning C4302: “<function-style-cast>”: 从“float *”到“unsigned int”截断
E:\My universe\university\ZJULearning\code\gnns\gpu\1.0\include\knn.h(19): warning C4267: “初始化”: 从“size_t”转换到“int”，可能丢失数据
  main.cpp(25): note: 参见对正在编译的函数 模板 实例化“std::vector<std::vector<std::pair<int,float>,std::allocator<_Ty>>,std::allocator<std::vector<_Ty,std::allocator<_Ty>>>> &GNNS::build_kNN_Graph<float>(std::vector<std::vector<float,std::allocator<float>>,std::allocator<std::vector<float,std::allocator<float>>>>,int)”的引用
          with
          [
              _Ty=std::pair<int,float>
          ]
E:\My universe\university\ZJULearning\code\gnns\gpu\1.0\include\knn.h(29): warning C4553: “==”: 运算符不起任何作用；是否是有意使用“=”的?
E:\My universe\university\ZJULearning\code\gnns\gpu\1.0\include\serve.h(16): warning C4267: “初始化”: 从“size_t”转换到“int”，可能丢失数据
  main.cpp(30): note: 参见对正在编译的函数 模板 实例化“std::vector<std::vector<int,std::allocator<_Ty>>,std::allocator<std::vector<_Ty,std::allocator<_Ty>>>> GNNS::serve<float>(std::vector<std::vector<float,std::allocator<float>>,std::allocator<std::vector<float,std::allocator<float>>>>,std::vector<std::vector<float,std::allocator<float>>,std::allocator<std::vector<float,std::allocator<float>>>>,std::vector<std::vector<std::pair<int,float>,std::allocator<std::pair<int,float>>>,std::allocator<std::vector<std::pair<int,float>,std::allocator<std::pair<int,float>>>>>,int,int,int,int)”的引用
          with
          [
              _Ty=int
          ]
E:\My universe\university\ZJULearning\code\gnns\gpu\1.0\include\serve.h(17): warning C4267: “初始化”: 从“size_t”转换到“int”，可能丢失数据
E:\My universe\university\ZJULearning\code\gnns\gpu\1.0\include\serve.h(32): warning C4244: “初始化”: 从“int”转换到“float”，可能丢失数据
E:\My universe\university\ZJULearning\code\gnns\gpu\1.0\include\serve.h(34): warning C4244: “参数”: 从“float”转换到“unsigned __int64”，可能丢失数据
E:\My universe\university\ZJULearning\code\gnns\gpu\1.0\include\serve.h(37): warning C4244: “=”: 从“int”转换到“float”，可能丢失数据
E:\My universe\university\ZJULearning\code\gnns\gpu\1.0\include\serve.h(39): warning C4244: “参数”: 从“float”转换到“unsigned __int64”，可能丢失数据
E:\My universe\university\ZJULearning\code\gnns\gpu\1.0\include\serve.h(48): warning C4244: “=”: 从“float”转换到“int”，可能丢失数据
E:\My universe\university\ZJULearning\code\gnns\gpu\1.0\include\read_write.h(46): warning C4311: “<function-style-cast>”: 从“int *”到“unsigned int”的指针截断
E:\My universe\university\ZJULearning\code\gnns\gpu\1.0\include\read_write.h(46): warning C4302: “<function-style-cast>”: 从“int *”到“unsigned int”截断
E:\My universe\university\ZJULearning\code\gnns\gpu\1.0\include\distance.h(40): warning C4244: “+=”: 从“double”转换到“float”，可能丢失数据
  E:\My universe\university\ZJULearning\code\gnns\gpu\1.0\include\distance.h(34): note: 编译类 模板 成员函数“float GNNS::Euclidean<T>::calculate(std::vector<float,std::allocator<_Ty>>,std::vector<_Ty,std::allocator<_Ty>>)”时
          with
          [
              T=float,
              _Ty=float
          ]
  E:\My universe\university\ZJULearning\code\gnns\gpu\1.0\include\distance.h(30): note: 参见对正在编译的函数 模板 实例化“float GNNS::Euclidean<T>::calculate(std::vector<float,std::allocator<_Ty>>,std::vector<_Ty,std::allocator<_Ty>>)”的引用
          with
          [
              T=float,
              _Ty=float
          ]
  E:\My universe\university\ZJULearning\code\gnns\gpu\1.0\include\knn.h(31): note: 参见对正在编译的类 模板 实例化“GNNS::Euclidean<T>”的引用
          with
          [
              T=float
          ]
  main.cpp(25): note: 参见对正在编译的函数 模板 实例化“std::vector<std::vector<std::pair<int,float>,std::allocator<_Ty>>,std::allocator<std::vector<_Ty,std::allocator<_Ty>>>> &GNNS::build_kNN_Graph<float>(std::vector<std::vector<float,std::allocator<float>>,std::allocator<std::vector<float,std::allocator<float>>>>,int)”的引用
          with
          [
              _Ty=std::pair<int,float>
          ]
E:\My universe\university\ZJULearning\code\gnns\gpu\1.0\include\read_write.h(46): warning C4311: “<function-style-cast>”: 从“std::pair<int,float> *”到“unsigned int”的指针截断
E:\My universe\university\ZJULearning\code\gnns\gpu\1.0\include\read_write.h(46): warning C4302: “<function-style-cast>”: 从“std::pair<int,float> *”到“unsigned int”截断
E:\My universe\university\ZJULearning\code\gnns\gpu\1.0\include\read_write.h(65): warning C4267: “初始化”: 从“size_t”转换到“int”，可能丢失数据
  E:\My universe\university\ZJULearning\code\gnns\gpu\1.0\include\knn.h(48): note: 参见对正在编译的函数 模板 实例化“void GNNS::write_file<std::pair<int,float>>(const char *,const std::vector<std::vector<std::pair<int,float>,std::allocator<_Ty>>,std::allocator<std::vector<_Ty,std::allocator<_Ty>>>> &)”的引用
          with
          [
              _Ty=std::pair<int,float>
          ]
E:\My universe\university\ZJULearning\code\gnns\gpu\1.0\include\read_write.h(68): warning C4267: “=”: 从“size_t”转换到“int”，可能丢失数据
E:\My universe\university\ZJULearning\code\gnns\gpu\1.0\include\read_write.h(69): warning C4311: “<function-style-cast>”: 从“int *”到“unsigned int”的指针截断
E:\My universe\university\ZJULearning\code\gnns\gpu\1.0\include\read_write.h(69): warning C4302: “<function-style-cast>”: 从“int *”到“unsigned int”截断
E:\My universe\university\ZJULearning\code\gnns\gpu\1.0\include\read_write.h(71): warning C4311: “<function-style-cast>”: 从“const std::pair<int,float> *”到“unsigned int”的指针截断
E:\My universe\university\ZJULearning\code\gnns\gpu\1.0\include\read_write.h(71): warning C4302: “<function-style-cast>”: 从“const std::pair<int,float> *”到“unsigned int”截断
D:\Program Files (x86)\Microsoft Visual Studio 14.0\VC\include\utility(203): warning C4244: “初始化”: 从“float”转换到“int”，可能丢失数据
  E:\My universe\university\ZJULearning\code\gnns\gpu\1.0\include\serve.h(40): note: 参见对正在编译的函数 模板 实例化“std::pair<int,float>::pair<float,float,void,0>(std::pair<float,float> &&) noexcept”的引用
  E:\My universe\university\ZJULearning\code\gnns\gpu\1.0\include\serve.h(40): note: 参见对正在编译的函数 模板 实例化“std::pair<int,float>::pair<float,float,void,0>(std::pair<float,float> &&) noexcept”的引用
  main.cpp(30): note: 参见对正在编译的函数 模板 实例化“std::vector<std::vector<int,std::allocator<_Ty>>,std::allocator<std::vector<_Ty,std::allocator<_Ty>>>> GNNS::serve<float>(std::vector<std::vector<float,std::allocator<float>>,std::allocator<std::vector<float,std::allocator<float>>>>,std::vector<std::vector<float,std::allocator<float>>,std::allocator<std::vector<float,std::allocator<float>>>>,std::vector<std::vector<std::pair<int,float>,std::allocator<std::pair<int,float>>>,std::allocator<std::vector<std::pair<int,float>,std::allocator<std::pair<int,float>>>>>,int,int,int,int)”的引用
          with
          [
              _Ty=int
          ]
  正在生成代码
  12 of 681 functions ( 1.8%) were compiled, the rest were copied from previous compilation.
    2 functions were new in current compilation
    5 functions had inline decision re-evaluated but remain unchanged
  已完成代码的生成
  1.0.vcxproj -> E:\My universe\university\ZJULearning\code\gnns\gpu\1.0\x64\Release\1.0.exe
  1.0.vcxproj -> E:\My universe\university\ZJULearning\code\gnns\gpu\1.0\x64\Release\1.0.pdb (Full PDB)
